c:\users\toscan0\desktop\ist-cgj\cgj-project\intermediate\x64\debug\vc141.pdb
c:\users\toscan0\desktop\ist-cgj\cgj-project\intermediate\x64\debug\vc141.idb
c:\users\toscan0\desktop\ist-cgj\cgj-project\intermediate\x64\debug\vector4.obj
c:\users\toscan0\desktop\ist-cgj\cgj-project\intermediate\x64\debug\vector3.obj
c:\users\toscan0\desktop\ist-cgj\cgj-project\intermediate\x64\debug\vector2.obj
c:\users\toscan0\desktop\ist-cgj\cgj-project\intermediate\x64\debug\shaders.obj
c:\users\toscan0\desktop\ist-cgj\cgj-project\intermediate\x64\debug\random.obj
c:\users\toscan0\desktop\ist-cgj\cgj-project\intermediate\x64\debug\matrixfactory.obj
c:\users\toscan0\desktop\ist-cgj\cgj-project\intermediate\x64\debug\matrix4x4.obj
c:\users\toscan0\desktop\ist-cgj\cgj-project\intermediate\x64\debug\matrix3x3.obj
c:\users\toscan0\desktop\ist-cgj\cgj-project\intermediate\x64\debug\matrix2x2.obj
c:\users\toscan0\desktop\ist-cgj\cgj-project\intermediate\x64\debug\camera.obj
c:\users\toscan0\desktop\ist-cgj\cgj-project\intermediate\x64\debug\3-hello3dworld.obj
c:\users\toscan0\desktop\ist-cgj\cgj-project\bin\x64\project3.exe
c:\users\toscan0\desktop\ist-cgj\cgj-project\bin\x64\project3.ilk
c:\users\toscan0\desktop\ist-cgj\cgj-project\bin\x64\project3.pdb
c:\users\toscan0\desktop\ist-cgj\cgj-project\allprojects\\..\bin\x64\project3.pdb
c:\users\toscan0\desktop\ist-cgj\cgj-project\allprojects\\..\bin\x64\project3.exe
c:\users\toscan0\desktop\ist-cgj\cgj-project\allprojects\\..\bin\x64\project3.ilk
c:\users\toscan0\desktop\ist-cgj\cgj-project\intermediate\x64\debug\project3.tlog\cl.command.1.tlog
c:\users\toscan0\desktop\ist-cgj\cgj-project\intermediate\x64\debug\project3.tlog\cl.read.1.tlog
c:\users\toscan0\desktop\ist-cgj\cgj-project\intermediate\x64\debug\project3.tlog\cl.write.1.tlog
c:\users\toscan0\desktop\ist-cgj\cgj-project\intermediate\x64\debug\project3.tlog\link.command.1.tlog
c:\users\toscan0\desktop\ist-cgj\cgj-project\intermediate\x64\debug\project3.tlog\link.read.1.tlog
c:\users\toscan0\desktop\ist-cgj\cgj-project\intermediate\x64\debug\project3.tlog\link.write.1.tlog
