c:\users\toscan0\desktop\ist-cgj\cgj-project\allprojects\project1\intermediate\x64\debug\vc141.pdb
c:\users\toscan0\desktop\ist-cgj\cgj-project\allprojects\project1\intermediate\x64\debug\vc141.idb
c:\users\toscan0\desktop\ist-cgj\cgj-project\allprojects\project1\intermediate\x64\debug\vectortest.obj
c:\users\toscan0\desktop\ist-cgj\cgj-project\allprojects\project1\intermediate\x64\debug\matrixtest.obj
c:\users\toscan0\desktop\ist-cgj\cgj-project\allprojects\project1\intermediate\x64\debug\av1.obj
c:\users\toscan0\desktop\ist-cgj\cgj-project\allprojects\project1\intermediate\x64\debug\vector4.obj
c:\users\toscan0\desktop\ist-cgj\cgj-project\allprojects\project1\intermediate\x64\debug\vector3.obj
c:\users\toscan0\desktop\ist-cgj\cgj-project\allprojects\project1\intermediate\x64\debug\vector2.obj
c:\users\toscan0\desktop\ist-cgj\cgj-project\allprojects\project1\intermediate\x64\debug\random.obj
c:\users\toscan0\desktop\ist-cgj\cgj-project\allprojects\project1\intermediate\x64\debug\matrixfactory.obj
c:\users\toscan0\desktop\ist-cgj\cgj-project\allprojects\project1\intermediate\x64\debug\matrix4x4.obj
c:\users\toscan0\desktop\ist-cgj\cgj-project\allprojects\project1\intermediate\x64\debug\matrix3x3.obj
c:\users\toscan0\desktop\ist-cgj\cgj-project\allprojects\project1\intermediate\x64\debug\matrix2x2.obj
c:\users\toscan0\desktop\ist-cgj\cgj-project\allprojects\project1\intermediate\x64\debug\1-startingopengl.obj
c:\users\toscan0\desktop\ist-cgj\cgj-project\bin\x64\project1.ilk
c:\users\toscan0\desktop\ist-cgj\cgj-project\bin\x64\project1.exe
c:\users\toscan0\desktop\ist-cgj\cgj-project\bin\x64\project1.pdb
c:\users\toscan0\desktop\ist-cgj\cgj-project\allprojects\\..\bin\x64\project1.pdb
c:\users\toscan0\desktop\ist-cgj\cgj-project\allprojects\\..\bin\x64\project1.exe
c:\users\toscan0\desktop\ist-cgj\cgj-project\allprojects\\..\bin\x64\project1.ilk
c:\users\toscan0\desktop\ist-cgj\cgj-project\allprojects\project1\intermediate\x64\debug\project1.tlog\cl.command.1.tlog
c:\users\toscan0\desktop\ist-cgj\cgj-project\allprojects\project1\intermediate\x64\debug\project1.tlog\cl.read.1.tlog
c:\users\toscan0\desktop\ist-cgj\cgj-project\allprojects\project1\intermediate\x64\debug\project1.tlog\cl.write.1.tlog
c:\users\toscan0\desktop\ist-cgj\cgj-project\allprojects\project1\intermediate\x64\debug\project1.tlog\link.command.1.tlog
c:\users\toscan0\desktop\ist-cgj\cgj-project\allprojects\project1\intermediate\x64\debug\project1.tlog\link.read.1.tlog
c:\users\toscan0\desktop\ist-cgj\cgj-project\allprojects\project1\intermediate\x64\debug\project1.tlog\link.write.1.tlog
